Copyright 1986-2022 Xilinx, Inc. All Rights Reserved. Copyright 2022-2025 Advanced Micro Devices, Inc. All Rights Reserved.
---------------------------------------------------------------------------------------------------------------------------------------------
| Tool Version : Vivado v.2025.1 (lin64) Build 6140274 Wed May 21 22:58:25 MDT 2025
| Date         : Thu Dec  4 15:15:41 2025
| Host         : Karim running 64-bit Ubuntu 24.04.3 LTS
| Command      : report_clock_utilization -file nexys4ddr_clock_utilization.rpt
| Design       : nexys4ddr
| Device       : 7a100t-csg324
| Speed File   : -1  PRODUCTION 1.23 2018-06-13
| Design State : Fully Placed
---------------------------------------------------------------------------------------------------------------------------------------------

Clock Utilization Report

Table of Contents
-----------------
1. Clock Primitive Utilization
2. Global Clock Resources
3. Global Clock Source Details
4. Local Clock Details
5. Clock Regions: Key Resource Utilization
6. Clock Regions : Global Clock Summary
7. Device Cell Placement Summary for Global Clock g0
8. Device Cell Placement Summary for Global Clock g1
9. Device Cell Placement Summary for Global Clock g2
10. Device Cell Placement Summary for Global Clock g3
11. Device Cell Placement Summary for Global Clock g4
12. Device Cell Placement Summary for Global Clock g5
13. Device Cell Placement Summary for Global Clock g6
14. Clock Region Cell Placement per Global Clock: Region X0Y0
15. Clock Region Cell Placement per Global Clock: Region X1Y0
16. Clock Region Cell Placement per Global Clock: Region X0Y1
17. Clock Region Cell Placement per Global Clock: Region X1Y1
18. Clock Region Cell Placement per Global Clock: Region X0Y2
19. Clock Region Cell Placement per Global Clock: Region X1Y2
20. Clock Region Cell Placement per Global Clock: Region X0Y3
21. Clock Region Cell Placement per Global Clock: Region X1Y3

1. Clock Primitive Utilization
------------------------------

+----------+------+-----------+-----+--------------+--------+
| Type     | Used | Available | LOC | Clock Region | Pblock |
+----------+------+-----------+-----+--------------+--------+
| BUFGCTRL |    7 |        32 |   0 |            0 |      0 |
| BUFH     |    0 |        96 |   0 |            0 |      0 |
| BUFIO    |    0 |        24 |   0 |            0 |      0 |
| BUFMR    |    0 |        12 |   0 |            0 |      0 |
| BUFR     |    0 |        24 |   0 |            0 |      0 |
| MMCM     |    1 |         6 |   0 |            0 |      0 |
| PLL      |    0 |         6 |   0 |            0 |      0 |
+----------+------+-----------+-----+--------------+--------+


2. Global Clock Resources
-------------------------

+-----------+-----------+-----------------+------------+----------------+--------------+-------------------+-------------+-----------------+--------------+------------------+-------------------------+----------------------+
| Global Id | Source Id | Driver Type/Pin | Constraint | Site           | Clock Region | Load Clock Region | Clock Loads | Non-Clock Loads | Clock Period | Clock            | Driver Pin              | Net                  |
+-----------+-----------+-----------------+------------+----------------+--------------+-------------------+-------------+-----------------+--------------+------------------+-------------------------+----------------------+
| g0        | src0      | BUFG/O          | None       | BUFGCTRL_X0Y0  | n/a          |                 7 |       12752 |               0 |       13.333 | main_crg_clkout0 | BUFG/O                  | sys_clk              |
| g1        | src1      | BUFG/O          | None       | BUFGCTRL_X0Y1  | n/a          |                 3 |         269 |               0 |       25.000 | main_crg_clkout5 | BUFG_5/O                | main_crg_clkout_buf5 |
| g2        | src2      | BUFG/O          | None       | BUFGCTRL_X0Y2  | n/a          |                 4 |         150 |               1 |       20.000 | eth_tx_clk       | BUFG_4/O                | eth_tx_clk           |
| g3        | src3      | BUFG/O          | None       | BUFGCTRL_X0Y3  | n/a          |                 1 |          57 |               0 |        6.667 | main_crg_clkout1 | BUFG_1/O                | main_crg_clkout_buf1 |
| g4        | src4      | BUFG/O          | None       | BUFGCTRL_X0Y4  | n/a          |                 1 |           8 |               0 |        5.000 | main_crg_clkout3 | BUFG_3/O                | idelay_clk           |
| g5        | src5      | BUFG/O          | None       | BUFGCTRL_X0Y5  | n/a          |                 1 |           2 |               0 |        6.667 | main_crg_clkout2 | BUFG_2/O                | main_crg_clkout_buf2 |
| g6        | src6      | BUFG/O          | None       | BUFGCTRL_X0Y16 | n/a          |                 1 |           0 |               1 |       10.000 | clk100           | clk100_IBUF_BUFG_inst/O | clk100_IBUF_BUFG     |
+-----------+-----------+-----------------+------------+----------------+--------------+-------------------+-------------+-----------------+--------------+------------------+-------------------------+----------------------+
* Clock Loads column represents cell count of net connects that connect to a clock pin. Internal cell leaf pins are not considered
** Non-Clock Loads column represents cell count of non-clock pin loads


3. Global Clock Source Details
------------------------------

+-----------+-----------+--------------------+------------+-----------------+--------------+-------------+-----------------+---------------------+------------------+--------------------+------------------+
| Source Id | Global Id | Driver Type/Pin    | Constraint | Site            | Clock Region | Clock Loads | Non-Clock Loads | Source Clock Period | Source Clock     | Driver Pin         | Net              |
+-----------+-----------+--------------------+------------+-----------------+--------------+-------------+-----------------+---------------------+------------------+--------------------+------------------+
| src0      | g0        | MMCME2_ADV/CLKOUT0 | None       | MMCME2_ADV_X0Y0 | X0Y0         |           1 |               0 |              13.333 | main_crg_clkout0 | MMCME2_ADV/CLKOUT0 | main_crg_clkout0 |
| src1      | g1        | MMCME2_ADV/CLKOUT5 | None       | MMCME2_ADV_X0Y0 | X0Y0         |           1 |               0 |              25.000 | main_crg_clkout5 | MMCME2_ADV/CLKOUT5 | main_crg_clkout5 |
| src2      | g2        | MMCME2_ADV/CLKOUT4 | None       | MMCME2_ADV_X0Y0 | X0Y0         |           1 |               0 |              20.000 | main_crg_clkout4 | MMCME2_ADV/CLKOUT4 | main_crg_clkout4 |
| src3      | g3        | MMCME2_ADV/CLKOUT1 | None       | MMCME2_ADV_X0Y0 | X0Y0         |           1 |               0 |               6.667 | main_crg_clkout1 | MMCME2_ADV/CLKOUT1 | main_crg_clkout1 |
| src4      | g4        | MMCME2_ADV/CLKOUT3 | None       | MMCME2_ADV_X0Y0 | X0Y0         |           1 |               0 |               5.000 | main_crg_clkout3 | MMCME2_ADV/CLKOUT3 | main_crg_clkout3 |
| src5      | g5        | MMCME2_ADV/CLKOUT2 | None       | MMCME2_ADV_X0Y0 | X0Y0         |           1 |               0 |               6.667 | main_crg_clkout2 | MMCME2_ADV/CLKOUT2 | main_crg_clkout2 |
| src6      | g6        | IBUF/O             | IOB_X1Y126 | IOB_X1Y126      | X1Y2         |           1 |               0 |              10.000 | clk100           | clk100_IBUF_inst/O | clk100_IBUF      |
+-----------+-----------+--------------------+------------+-----------------+--------------+-------------+-----------------+---------------------+------------------+--------------------+------------------+
* Clock Loads column represents cell count of net connects that connect to a clock pin. Internal cell leaf pins are not considered
** Non-Clock Loads column represents cell count of non-clock pin loads


4. Local Clock Details
----------------------

+----------+-----------------+------------+--------------------+--------------+-------------+-----------------+--------------+------------+-------------------+----------------+
| Local Id | Driver Type/Pin | Constraint | Site/BEL           | Clock Region | Clock Loads | Non-Clock Loads | Clock Period | Clock      | Driver Pin        | Net            |
+----------+-----------------+------------+--------------------+--------------+-------------+-----------------+--------------+------------+-------------------+----------------+
| 0        | LUT1/O          | None       | SLICE_X57Y69/D6LUT | X1Y1         |         149 |               0 |       20.000 | eth_rx_clk | eth_rx_clk_inst/O | eth_rx_clk     |
| 1        | LUT1/O          | None       | SLICE_X24Y29/A6LUT | X0Y0         |           9 |               0 |       10.000 | clk100     | clk100_inst/O     | main_crg_clkin |
+----------+-----------------+------------+--------------------+--------------+-------------+-----------------+--------------+------------+-------------------+----------------+
* Local Clocks in this context represents only clocks driven by non-global buffers
** Clock Loads column represents cell count of net connects that connect to a clock pin. Internal cell leaf pins are not considered
*** Non-Clock Loads column represents cell count of non-clock pin loads


5. Clock Regions: Key Resource Utilization
------------------------------------------

+-------------------+--------------+--------------+--------------+--------------+--------------+--------------+--------------+--------------+--------------+--------------+--------------+--------------+--------------+--------------+--------------+
|                   | Global Clock |     BUFRs    |    BUFMRs    |    BUFIOs    |     MMCM     |      PLL     |      GT      |      PCI     |    ILOGIC    |    OLOGIC    |      FF      |     LUTM     |    RAMB18    |    RAMB36    |    DSP48E2   |
+-------------------+------+-------+------+-------+------+-------+------+-------+------+-------+------+-------+------+-------+------+-------+------+-------+------+-------+------+-------+------+-------+------+-------+------+-------+------+-------+
| Clock Region Name | Used | Avail | Used | Avail | Used | Avail | Used | Avail | Used | Avail | Used | Avail | Used | Avail | Used | Avail | Used | Avail | Used | Avail | Used | Avail | Used | Avail | Used | Avail | Used | Avail | Used | Avail |
+-------------------+------+-------+------+-------+------+-------+------+-------+------+-------+------+-------+------+-------+------+-------+------+-------+------+-------+------+-------+------+-------+------+-------+------+-------+------+-------+
| X0Y0              |    1 |    12 |    0 |     4 |    0 |     2 |    0 |     4 |    1 |     1 |    0 |     1 |    0 |     0 |    0 |     0 |    0 |    50 |    0 |    50 |    0 |  2600 |    0 |   600 |    0 |    20 |    0 |    10 |    0 |    20 |
| X1Y0              |    1 |    12 |    0 |     0 |    0 |     0 |    0 |     0 |    0 |     0 |    0 |     0 |    0 |     4 |    0 |     0 |    0 |     0 |    0 |     0 |    0 |  1500 |    0 |   550 |    0 |    40 |    3 |    20 |    0 |    40 |
| X0Y1              |    1 |    12 |    0 |     4 |    0 |     2 |    0 |     4 |    0 |     1 |    0 |     1 |    0 |     0 |    0 |     0 |    0 |    50 |    0 |    50 | 1700 |  2000 |  467 |   600 |    2 |    20 |    0 |    10 |    0 |    20 |
| X1Y1              |    6 |    12 |    0 |     4 |    0 |     2 |    0 |     4 |    0 |     1 |    0 |     1 |    0 |     0 |    0 |     0 |   16 |    50 |   43 |    50 | 2190 |  1900 |  605 |   650 |    3 |    60 |   12 |    30 |    0 |    40 |
| X0Y2              |    2 |    12 |    0 |     4 |    0 |     2 |    0 |     4 |    0 |     1 |    0 |     1 |    0 |     0 |    0 |     0 |    0 |    50 |    2 |    50 | 3407 |  2000 |  906 |   600 |    0 |    20 |    4 |    10 |    5 |    20 |
| X1Y2              |    3 |    12 |    0 |     4 |    0 |     2 |    0 |     4 |    0 |     1 |    0 |     1 |    0 |     0 |    0 |     0 |    5 |    50 |   24 |    50 | 4765 |  1900 | 1709 |   650 |    1 |    60 |   22 |    30 |    0 |    40 |
| X0Y3              |    2 |    12 |    0 |     4 |    0 |     2 |    0 |     4 |    0 |     1 |    0 |     1 |    0 |     0 |    0 |     0 |    4 |    50 |    3 |    50 |  562 |  2600 |  105 |   600 |    0 |    20 |    0 |    10 |    3 |    20 |
| X1Y3              |    2 |    12 |    0 |     0 |    0 |     0 |    0 |     0 |    0 |     0 |    0 |     0 |    0 |     4 |    0 |     1 |    0 |     0 |    0 |     0 |  221 |  1350 |   81 |   500 |    0 |    30 |    3 |    15 |    0 |    40 |
+-------------------+------+-------+------+-------+------+-------+------+-------+------+-------+------+-------+------+-------+------+-------+------+-------+------+-------+------+-------+------+-------+------+-------+------+-------+------+-------+
* Global Clock column represents track count; while other columns represents cell counts


6. Clock Regions : Global Clock Summary
---------------------------------------

All Modules
+----+----+----+
|    | X0 | X1 |
+----+----+----+
| Y3 |  0 |  0 |
| Y2 |  0 |  0 |
| Y1 |  0 |  0 |
| Y0 |  0 |  0 |
+----+----+----+


7. Device Cell Placement Summary for Global Clock g0
----------------------------------------------------

+-----------+-----------------+-------------------+------------------+-------------+---------------+-------------+----------+----------------+----------+---------+
| Global Id | Driver Type/Pin | Driver Region (D) | Clock            | Period (ns) | Waveform (ns) | Slice Loads | IO Loads | Clocking Loads | GT Loads | Net     |
+-----------+-----------------+-------------------+------------------+-------------+---------------+-------------+----------+----------------+----------+---------+
| g0        | BUFG/O          | n/a               | main_crg_clkout0 |      13.333 | {0.000 6.667} |       12395 |       59 |              0 |        0 | sys_clk |
+-----------+-----------------+-------------------+------------------+-------------+---------------+-------------+----------+----------------+----------+---------+
* Slice Loads column represents load cell count of all cell types other than IO, GT and clock resources
** IO Loads column represents load cell count of IO types
*** Clocking Loads column represents load cell count that are clock resources (global clock buffer, MMCM, PLL, etc)
**** GT Loads column represents load cell count of GT types


+----+-------+-------+-----------------------+
|    | X0    | X1    | HORIZONTAL PROG DELAY |
+----+-------+-------+-----------------------+
| Y3 |   565 |   128 |                     0 |
| Y2 |  3416 |  4539 |                     0 |
| Y1 |  1705 |  2098 |                     0 |
| Y0 |     0 |     3 |                     0 |
+----+-------+-------+-----------------------+


8. Device Cell Placement Summary for Global Clock g1
----------------------------------------------------

+-----------+-----------------+-------------------+------------------+-------------+----------------+-------------+----------+----------------+----------+----------------------+
| Global Id | Driver Type/Pin | Driver Region (D) | Clock            | Period (ns) | Waveform (ns)  | Slice Loads | IO Loads | Clocking Loads | GT Loads | Net                  |
+-----------+-----------------+-------------------+------------------+-------------+----------------+-------------+----------+----------------+----------+----------------------+
| g1        | BUFG/O          | n/a               | main_crg_clkout5 |      25.000 | {0.000 12.500} |         269 |        0 |              0 |        0 | main_crg_clkout_buf5 |
+-----------+-----------------+-------------------+------------------+-------------+----------------+-------------+----------+----------------+----------+----------------------+
* Slice Loads column represents load cell count of all cell types other than IO, GT and clock resources
** IO Loads column represents load cell count of IO types
*** Clocking Loads column represents load cell count that are clock resources (global clock buffer, MMCM, PLL, etc)
**** GT Loads column represents load cell count of GT types


+----+----+------+-----------------------+
|    | X0 | X1   | HORIZONTAL PROG DELAY |
+----+----+------+-----------------------+
| Y3 |  0 |    0 |                     - |
| Y2 |  2 |  236 |                     0 |
| Y1 |  0 |   31 |                     0 |
| Y0 |  0 |    0 |                     - |
+----+----+------+-----------------------+


9. Device Cell Placement Summary for Global Clock g2
----------------------------------------------------

+-----------+-----------------+-------------------+------------+-------------+----------------+-------------+----------+----------------+----------+------------+
| Global Id | Driver Type/Pin | Driver Region (D) | Clock      | Period (ns) | Waveform (ns)  | Slice Loads | IO Loads | Clocking Loads | GT Loads | Net        |
+-----------+-----------------+-------------------+------------+-------------+----------------+-------------+----------+----------------+----------+------------+
| g2        | BUFG/O          | n/a               | eth_tx_clk |      20.000 | {0.000 10.000} |         151 |        0 |              0 |        0 | eth_tx_clk |
+-----------+-----------------+-------------------+------------+-------------+----------------+-------------+----------+----------------+----------+------------+
* Slice Loads column represents load cell count of all cell types other than IO, GT and clock resources
** IO Loads column represents load cell count of IO types
*** Clocking Loads column represents load cell count that are clock resources (global clock buffer, MMCM, PLL, etc)
**** GT Loads column represents load cell count of GT types


+----+----+-----+-----------------------+
|    | X0 | X1  | HORIZONTAL PROG DELAY |
+----+----+-----+-----------------------+
| Y3 |  7 |  97 |                     0 |
| Y2 |  0 |  46 |                     0 |
| Y1 |  0 |   1 |                     0 |
| Y0 |  0 |   0 |                     - |
+----+----+-----+-----------------------+


10. Device Cell Placement Summary for Global Clock g3
-----------------------------------------------------

+-----------+-----------------+-------------------+------------------+-------------+---------------+-------------+----------+----------------+----------+----------------------+
| Global Id | Driver Type/Pin | Driver Region (D) | Clock            | Period (ns) | Waveform (ns) | Slice Loads | IO Loads | Clocking Loads | GT Loads | Net                  |
+-----------+-----------------+-------------------+------------------+-------------+---------------+-------------+----------+----------------+----------+----------------------+
| g3        | BUFG/O          | n/a               | main_crg_clkout1 |       6.667 | {0.000 3.333} |           0 |       57 |              0 |        0 | main_crg_clkout_buf1 |
+-----------+-----------------+-------------------+------------------+-------------+---------------+-------------+----------+----------------+----------+----------------------+
* Slice Loads column represents load cell count of all cell types other than IO, GT and clock resources
** IO Loads column represents load cell count of IO types
*** Clocking Loads column represents load cell count that are clock resources (global clock buffer, MMCM, PLL, etc)
**** GT Loads column represents load cell count of GT types


+----+----+-----+-----------------------+
|    | X0 | X1  | HORIZONTAL PROG DELAY |
+----+----+-----+-----------------------+
| Y3 |  0 |   0 |                     - |
| Y2 |  0 |   0 |                     - |
| Y1 |  0 |  57 |                     0 |
| Y0 |  0 |   0 |                     - |
+----+----+-----+-----------------------+


11. Device Cell Placement Summary for Global Clock g4
-----------------------------------------------------

+-----------+-----------------+-------------------+------------------+-------------+---------------+-------------+----------+----------------+----------+------------+
| Global Id | Driver Type/Pin | Driver Region (D) | Clock            | Period (ns) | Waveform (ns) | Slice Loads | IO Loads | Clocking Loads | GT Loads | Net        |
+-----------+-----------------+-------------------+------------------+-------------+---------------+-------------+----------+----------------+----------+------------+
| g4        | BUFG/O          | n/a               | main_crg_clkout3 |       5.000 | {0.000 2.500} |           8 |        0 |              0 |        0 | idelay_clk |
+-----------+-----------------+-------------------+------------------+-------------+---------------+-------------+----------+----------------+----------+------------+
* Slice Loads column represents load cell count of all cell types other than IO, GT and clock resources
** IO Loads column represents load cell count of IO types
*** Clocking Loads column represents load cell count that are clock resources (global clock buffer, MMCM, PLL, etc)
**** GT Loads column represents load cell count of GT types


+----+----+----+-----------------------+
|    | X0 | X1 | HORIZONTAL PROG DELAY |
+----+----+----+-----------------------+
| Y3 |  0 |  0 |                     - |
| Y2 |  0 |  0 |                     - |
| Y1 |  0 |  8 |                     0 |
| Y0 |  0 |  0 |                     - |
+----+----+----+-----------------------+


12. Device Cell Placement Summary for Global Clock g5
-----------------------------------------------------

+-----------+-----------------+-------------------+------------------+-------------+---------------+-------------+----------+----------------+----------+----------------------+
| Global Id | Driver Type/Pin | Driver Region (D) | Clock            | Period (ns) | Waveform (ns) | Slice Loads | IO Loads | Clocking Loads | GT Loads | Net                  |
+-----------+-----------------+-------------------+------------------+-------------+---------------+-------------+----------+----------------+----------+----------------------+
| g5        | BUFG/O          | n/a               | main_crg_clkout2 |       6.667 | {1.667 5.000} |           0 |        2 |              0 |        0 | main_crg_clkout_buf2 |
+-----------+-----------------+-------------------+------------------+-------------+---------------+-------------+----------+----------------+----------+----------------------+
* Slice Loads column represents load cell count of all cell types other than IO, GT and clock resources
** IO Loads column represents load cell count of IO types
*** Clocking Loads column represents load cell count that are clock resources (global clock buffer, MMCM, PLL, etc)
**** GT Loads column represents load cell count of GT types


+----+----+----+-----------------------+
|    | X0 | X1 | HORIZONTAL PROG DELAY |
+----+----+----+-----------------------+
| Y3 |  0 |  0 |                     - |
| Y2 |  0 |  0 |                     - |
| Y1 |  0 |  2 |                     0 |
| Y0 |  0 |  0 |                     - |
+----+----+----+-----------------------+


13. Device Cell Placement Summary for Global Clock g6
-----------------------------------------------------

+-----------+-----------------+-------------------+--------+-------------+---------------+-------------+----------+----------------+----------+------------------+
| Global Id | Driver Type/Pin | Driver Region (D) | Clock  | Period (ns) | Waveform (ns) | Slice Loads | IO Loads | Clocking Loads | GT Loads | Net              |
+-----------+-----------------+-------------------+--------+-------------+---------------+-------------+----------+----------------+----------+------------------+
| g6        | BUFG/O          | n/a               | clk100 |      10.000 | {0.000 5.000} |           1 |        0 |              0 |        0 | clk100_IBUF_BUFG |
+-----------+-----------------+-------------------+--------+-------------+---------------+-------------+----------+----------------+----------+------------------+
* Slice Loads column represents load cell count of all cell types other than IO, GT and clock resources
** IO Loads column represents load cell count of IO types
*** Clocking Loads column represents load cell count that are clock resources (global clock buffer, MMCM, PLL, etc)
**** GT Loads column represents load cell count of GT types


+----+----+----+-----------------------+
|    | X0 | X1 | HORIZONTAL PROG DELAY |
+----+----+----+-----------------------+
| Y3 |  0 |  0 |                     - |
| Y2 |  0 |  0 |                     - |
| Y1 |  0 |  0 |                     - |
| Y0 |  1 |  0 |                     0 |
+----+----+----+-----------------------+


14. Clock Region Cell Placement per Global Clock: Region X0Y0
-------------------------------------------------------------

+-----------+-------+-----------------+------------+-------------+-----------------+----+-------------+------+-----+----+------+-----+---------+------------------+
| Global Id | Track | Driver Type/Pin | Constraint | Clock Loads | Non-Clock Loads | FF | Memory LUTs | RAMB | DSP | GT | MMCM | PLL | Hard IP | Net              |
+-----------+-------+-----------------+------------+-------------+-----------------+----+-------------+------+-----+----+------+-----+---------+------------------+
| g6        | n/a   | BUFG/O          | None       |           0 |               1 |  0 |           0 |    0 |   0 |  0 |    0 |   0 |       0 | clk100_IBUF_BUFG |
+-----------+-------+-----------------+------------+-------------+-----------------+----+-------------+------+-----+----+------+-----+---------+------------------+
* Clock Loads column represents cell count of net connects that connect to a clock pin. Internal cell leaf pins are not considered
** Non-Clock Loads column represents cell count of non-clock pin loads
*** Columns FF, LUTRAM, RAMB through 'Hard IP' represents load cell counts


15. Clock Region Cell Placement per Global Clock: Region X1Y0
-------------------------------------------------------------

+-----------+-------+-----------------+------------+-------------+-----------------+----+-------------+------+-----+----+------+-----+---------+---------+
| Global Id | Track | Driver Type/Pin | Constraint | Clock Loads | Non-Clock Loads | FF | Memory LUTs | RAMB | DSP | GT | MMCM | PLL | Hard IP | Net     |
+-----------+-------+-----------------+------------+-------------+-----------------+----+-------------+------+-----+----+------+-----+---------+---------+
| g0        | n/a   | BUFG/O          | None       |           3 |               0 |  0 |           0 |    3 |   0 |  0 |    0 |   0 |       0 | sys_clk |
+-----------+-------+-----------------+------------+-------------+-----------------+----+-------------+------+-----+----+------+-----+---------+---------+
* Clock Loads column represents cell count of net connects that connect to a clock pin. Internal cell leaf pins are not considered
** Non-Clock Loads column represents cell count of non-clock pin loads
*** Columns FF, LUTRAM, RAMB through 'Hard IP' represents load cell counts


16. Clock Region Cell Placement per Global Clock: Region X0Y1
-------------------------------------------------------------

+-----------+-------+-----------------+------------+-------------+-----------------+------+-------------+------+-----+----+------+-----+---------+---------+
| Global Id | Track | Driver Type/Pin | Constraint | Clock Loads | Non-Clock Loads | FF   | Memory LUTs | RAMB | DSP | GT | MMCM | PLL | Hard IP | Net     |
+-----------+-------+-----------------+------------+-------------+-----------------+------+-------------+------+-----+----+------+-----+---------+---------+
| g0        | n/a   | BUFG/O          | None       |        1705 |               0 | 1700 |           0 |    2 |   0 |  0 |    0 |   0 |       0 | sys_clk |
+-----------+-------+-----------------+------------+-------------+-----------------+------+-------------+------+-----+----+------+-----+---------+---------+
* Clock Loads column represents cell count of net connects that connect to a clock pin. Internal cell leaf pins are not considered
** Non-Clock Loads column represents cell count of non-clock pin loads
*** Columns FF, LUTRAM, RAMB through 'Hard IP' represents load cell counts


17. Clock Region Cell Placement per Global Clock: Region X1Y1
-------------------------------------------------------------

+-----------+-------+-----------------+------------+-------------+-----------------+------+-------------+------+-----+----+------+-----+---------+----------------------+
| Global Id | Track | Driver Type/Pin | Constraint | Clock Loads | Non-Clock Loads | FF   | Memory LUTs | RAMB | DSP | GT | MMCM | PLL | Hard IP | Net                  |
+-----------+-------+-----------------+------------+-------------+-----------------+------+-------------+------+-----+----+------+-----+---------+----------------------+
| g0        | n/a   | BUFG/O          | None       |        2098 |               0 | 1998 |           4 |   15 |   0 |  0 |    0 |   0 |       0 | sys_clk              |
| g1        | n/a   | BUFG/O          | None       |          31 |               0 |   31 |           0 |    0 |   0 |  0 |    0 |   0 |       0 | main_crg_clkout_buf5 |
| g2        | n/a   | BUFG/O          | None       |           0 |               1 |    0 |           0 |    0 |   0 |  0 |    0 |   0 |       0 | eth_tx_clk           |
| g3        | n/a   | BUFG/O          | None       |          57 |               0 |    0 |           0 |    0 |   0 |  0 |    0 |   0 |       0 | main_crg_clkout_buf1 |
| g4        | n/a   | BUFG/O          | None       |           8 |               0 |    7 |           0 |    0 |   0 |  0 |    0 |   0 |       0 | idelay_clk           |
| g5        | n/a   | BUFG/O          | None       |           2 |               0 |    0 |           0 |    0 |   0 |  0 |    0 |   0 |       0 | main_crg_clkout_buf2 |
+-----------+-------+-----------------+------------+-------------+-----------------+------+-------------+------+-----+----+------+-----+---------+----------------------+
* Clock Loads column represents cell count of net connects that connect to a clock pin. Internal cell leaf pins are not considered
** Non-Clock Loads column represents cell count of non-clock pin loads
*** Columns FF, LUTRAM, RAMB through 'Hard IP' represents load cell counts


18. Clock Region Cell Placement per Global Clock: Region X0Y2
-------------------------------------------------------------

+-----------+-------+-----------------+------------+-------------+-----------------+------+-------------+------+-----+----+------+-----+---------+----------------------+
| Global Id | Track | Driver Type/Pin | Constraint | Clock Loads | Non-Clock Loads | FF   | Memory LUTs | RAMB | DSP | GT | MMCM | PLL | Hard IP | Net                  |
+-----------+-------+-----------------+------------+-------------+-----------------+------+-------------+------+-----+----+------+-----+---------+----------------------+
| g0        | n/a   | BUFG/O          | None       |        3416 |               0 | 3407 |           0 |    4 |   5 |  0 |    0 |   0 |       0 | sys_clk              |
| g1        | n/a   | BUFG/O          | None       |           2 |               0 |    0 |           0 |    0 |   0 |  0 |    0 |   0 |       0 | main_crg_clkout_buf5 |
+-----------+-------+-----------------+------------+-------------+-----------------+------+-------------+------+-----+----+------+-----+---------+----------------------+
* Clock Loads column represents cell count of net connects that connect to a clock pin. Internal cell leaf pins are not considered
** Non-Clock Loads column represents cell count of non-clock pin loads
*** Columns FF, LUTRAM, RAMB through 'Hard IP' represents load cell counts


19. Clock Region Cell Placement per Global Clock: Region X1Y2
-------------------------------------------------------------

+-----------+-------+-----------------+------------+-------------+-----------------+------+-------------+------+-----+----+------+-----+---------+----------------------+
| Global Id | Track | Driver Type/Pin | Constraint | Clock Loads | Non-Clock Loads | FF   | Memory LUTs | RAMB | DSP | GT | MMCM | PLL | Hard IP | Net                  |
+-----------+-------+-----------------+------------+-------------+-----------------+------+-------------+------+-----+----+------+-----+---------+----------------------+
| g0        | n/a   | BUFG/O          | None       |        4539 |               0 | 4497 |           1 |   23 |   0 |  0 |    0 |   0 |       0 | sys_clk              |
| g1        | n/a   | BUFG/O          | None       |         236 |               0 |  224 |           0 |    0 |   0 |  0 |    0 |   0 |       0 | main_crg_clkout_buf5 |
| g2        | n/a   | BUFG/O          | None       |          46 |               0 |   44 |           0 |    1 |   0 |  0 |    0 |   0 |       0 | eth_tx_clk           |
+-----------+-------+-----------------+------------+-------------+-----------------+------+-------------+------+-----+----+------+-----+---------+----------------------+
* Clock Loads column represents cell count of net connects that connect to a clock pin. Internal cell leaf pins are not considered
** Non-Clock Loads column represents cell count of non-clock pin loads
*** Columns FF, LUTRAM, RAMB through 'Hard IP' represents load cell counts


20. Clock Region Cell Placement per Global Clock: Region X0Y3
-------------------------------------------------------------

+-----------+-------+-----------------+------------+-------------+-----------------+-----+-------------+------+-----+----+------+-----+---------+------------+
| Global Id | Track | Driver Type/Pin | Constraint | Clock Loads | Non-Clock Loads | FF  | Memory LUTs | RAMB | DSP | GT | MMCM | PLL | Hard IP | Net        |
+-----------+-------+-----------------+------------+-------------+-----------------+-----+-------------+------+-----+----+------+-----+---------+------------+
| g0        | n/a   | BUFG/O          | None       |         565 |               0 | 562 |           0 |    0 |   3 |  0 |    0 |   0 |       0 | sys_clk    |
| g2        | n/a   | BUFG/O          | None       |           7 |               0 |   0 |           0 |    0 |   0 |  0 |    0 |   0 |       0 | eth_tx_clk |
+-----------+-------+-----------------+------------+-------------+-----------------+-----+-------------+------+-----+----+------+-----+---------+------------+
* Clock Loads column represents cell count of net connects that connect to a clock pin. Internal cell leaf pins are not considered
** Non-Clock Loads column represents cell count of non-clock pin loads
*** Columns FF, LUTRAM, RAMB through 'Hard IP' represents load cell counts


21. Clock Region Cell Placement per Global Clock: Region X1Y3
-------------------------------------------------------------

+-----------+-------+-----------------+------------+-------------+-----------------+-----+-------------+------+-----+----+------+-----+---------+------------+
| Global Id | Track | Driver Type/Pin | Constraint | Clock Loads | Non-Clock Loads | FF  | Memory LUTs | RAMB | DSP | GT | MMCM | PLL | Hard IP | Net        |
+-----------+-------+-----------------+------------+-------------+-----------------+-----+-------------+------+-----+----+------+-----+---------+------------+
| g0        | n/a   | BUFG/O          | None       |         128 |               0 | 124 |           1 |    3 |   0 |  0 |    0 |   0 |       0 | sys_clk    |
| g2        | n/a   | BUFG/O          | None       |          97 |               0 |  97 |           0 |    0 |   0 |  0 |    0 |   0 |       0 | eth_tx_clk |
+-----------+-------+-----------------+------------+-------------+-----------------+-----+-------------+------+-----+----+------+-----+---------+------------+
* Clock Loads column represents cell count of net connects that connect to a clock pin. Internal cell leaf pins are not considered
** Non-Clock Loads column represents cell count of non-clock pin loads
*** Columns FF, LUTRAM, RAMB through 'Hard IP' represents load cell counts



# Location of BUFG Primitives 
set_property LOC BUFGCTRL_X0Y0 [get_cells BUFG]
set_property LOC BUFGCTRL_X0Y1 [get_cells BUFG_5]
set_property LOC BUFGCTRL_X0Y5 [get_cells BUFG_2]
set_property LOC BUFGCTRL_X0Y3 [get_cells BUFG_1]
set_property LOC BUFGCTRL_X0Y4 [get_cells BUFG_3]
set_property LOC BUFGCTRL_X0Y2 [get_cells BUFG_4]
set_property LOC BUFGCTRL_X0Y16 [get_cells clk100_IBUF_BUFG_inst]

# Location of IO Primitives which is load of clock spine

# Location of clock ports
set_property LOC IOB_X1Y126 [get_ports clk100]

# Clock net "sys_clk" driven by instance "BUFG" located at site "BUFGCTRL_X0Y0"
#startgroup
create_pblock {CLKAG_sys_clk}
add_cells_to_pblock [get_pblocks  {CLKAG_sys_clk}] [get_cells -filter { PRIMITIVE_GROUP != I/O && IS_PRIMITIVE==1 && PRIMITIVE_LEVEL !=INTERNAL } -of_object [get_pins -filter {DIRECTION==IN} -of_objects [get_nets -hierarchical -filter {PARENT=="sys_clk"}]]]
resize_pblock [get_pblocks {CLKAG_sys_clk}] -add {CLOCKREGION_X0Y1:CLOCKREGION_X0Y1 CLOCKREGION_X0Y2:CLOCKREGION_X0Y2 CLOCKREGION_X0Y3:CLOCKREGION_X0Y3 CLOCKREGION_X1Y0:CLOCKREGION_X1Y0 CLOCKREGION_X1Y1:CLOCKREGION_X1Y1 CLOCKREGION_X1Y2:CLOCKREGION_X1Y2 CLOCKREGION_X1Y3:CLOCKREGION_X1Y3}
#endgroup

# Clock net "main_crg_clkout_buf5" driven by instance "BUFG_5" located at site "BUFGCTRL_X0Y1"
#startgroup
create_pblock {CLKAG_main_crg_clkout_buf5}
add_cells_to_pblock [get_pblocks  {CLKAG_main_crg_clkout_buf5}] [get_cells -filter { PRIMITIVE_GROUP != I/O && IS_PRIMITIVE==1 && PRIMITIVE_LEVEL !=INTERNAL } -of_object [get_pins -filter {DIRECTION==IN} -of_objects [get_nets -hierarchical -filter {PARENT=="main_crg_clkout_buf5"}]]]
resize_pblock [get_pblocks {CLKAG_main_crg_clkout_buf5}] -add {CLOCKREGION_X0Y2:CLOCKREGION_X0Y2 CLOCKREGION_X1Y1:CLOCKREGION_X1Y1 CLOCKREGION_X1Y2:CLOCKREGION_X1Y2}
#endgroup

# Clock net "main_crg_clkout_buf2" driven by instance "BUFG_2" located at site "BUFGCTRL_X0Y5"
#startgroup
create_pblock {CLKAG_main_crg_clkout_buf2}
add_cells_to_pblock [get_pblocks  {CLKAG_main_crg_clkout_buf2}] [get_cells -filter { PRIMITIVE_GROUP != I/O && IS_PRIMITIVE==1 && PRIMITIVE_LEVEL !=INTERNAL } -of_object [get_pins -filter {DIRECTION==IN} -of_objects [get_nets -hierarchical -filter {PARENT=="main_crg_clkout_buf2"}]]]
resize_pblock [get_pblocks {CLKAG_main_crg_clkout_buf2}] -add {CLOCKREGION_X1Y1:CLOCKREGION_X1Y1}
#endgroup

# Clock net "main_crg_clkout_buf1" driven by instance "BUFG_1" located at site "BUFGCTRL_X0Y3"
#startgroup
create_pblock {CLKAG_main_crg_clkout_buf1}
add_cells_to_pblock [get_pblocks  {CLKAG_main_crg_clkout_buf1}] [get_cells -filter { PRIMITIVE_GROUP != I/O && IS_PRIMITIVE==1 && PRIMITIVE_LEVEL !=INTERNAL } -of_object [get_pins -filter {DIRECTION==IN} -of_objects [get_nets -hierarchical -filter {PARENT=="main_crg_clkout_buf1"}]]]
resize_pblock [get_pblocks {CLKAG_main_crg_clkout_buf1}] -add {CLOCKREGION_X1Y1:CLOCKREGION_X1Y1}
#endgroup

# Clock net "idelay_clk" driven by instance "BUFG_3" located at site "BUFGCTRL_X0Y4"
#startgroup
create_pblock {CLKAG_idelay_clk}
add_cells_to_pblock [get_pblocks  {CLKAG_idelay_clk}] [get_cells -filter { PRIMITIVE_GROUP != I/O && IS_PRIMITIVE==1 && PRIMITIVE_LEVEL !=INTERNAL } -of_object [get_pins -filter {DIRECTION==IN} -of_objects [get_nets -hierarchical -filter {PARENT=="idelay_clk"}]]]
resize_pblock [get_pblocks {CLKAG_idelay_clk}] -add {CLOCKREGION_X1Y1:CLOCKREGION_X1Y1}
#endgroup

# Clock net "eth_tx_clk" driven by instance "BUFG_4" located at site "BUFGCTRL_X0Y2"
#startgroup
create_pblock {CLKAG_eth_tx_clk}
add_cells_to_pblock [get_pblocks  {CLKAG_eth_tx_clk}] [get_cells -filter { PRIMITIVE_GROUP != I/O && IS_PRIMITIVE==1 && PRIMITIVE_LEVEL !=INTERNAL } -of_object [get_pins -filter {DIRECTION==IN} -of_objects [get_nets -hierarchical -filter {PARENT=="eth_tx_clk"}]]]
resize_pblock [get_pblocks {CLKAG_eth_tx_clk}] -add {CLOCKREGION_X0Y3:CLOCKREGION_X0Y3 CLOCKREGION_X1Y1:CLOCKREGION_X1Y1 CLOCKREGION_X1Y2:CLOCKREGION_X1Y2 CLOCKREGION_X1Y3:CLOCKREGION_X1Y3}
#endgroup

# Clock net "clk100_IBUF_BUFG" driven by instance "clk100_IBUF_BUFG_inst" located at site "BUFGCTRL_X0Y16"
#startgroup
create_pblock {CLKAG_clk100_IBUF_BUFG}
add_cells_to_pblock [get_pblocks  {CLKAG_clk100_IBUF_BUFG}] [get_cells -filter { PRIMITIVE_GROUP != I/O && IS_PRIMITIVE==1 && PRIMITIVE_LEVEL !=INTERNAL } -of_object [get_pins -filter {DIRECTION==IN} -of_objects [get_nets -hierarchical -filter {PARENT=="clk100_IBUF_BUFG"}]]]
resize_pblock [get_pblocks {CLKAG_clk100_IBUF_BUFG}] -add {CLOCKREGION_X0Y0:CLOCKREGION_X0Y0}
#endgroup
